<?xml version="1.0" encoding="UTF-8"?>
<!-- Generated by org.testng.reporters.JUnitXMLReporter -->
<testsuite ignored="0" hostname="Shinde" failures="0" tests="10" name="Default test" time="4.546" errors="0" timestamp="2025-11-21T21:00:58 IST">
  <testcase classname="com.api1.test.datadriven.CreateJobApFakeiDataDrivenTest" name="createJobApiTest" time="4.17"/>
  <testcase classname="com.api1.test.datadriven.CreateJobApFakeiDataDrivenTest" name="createJobApiTest" time="4.171"/>
  <testcase classname="com.api1.test.datadriven.CreateJobApFakeiDataDrivenTest" name="createJobApiTest" time="4.17"/>
  <testcase classname="com.api1.test.datadriven.CreateJobApFakeiDataDrivenTest" name="createJobApiTest" time="4.171"/>
  <testcase classname="com.api1.test.datadriven.CreateJobApFakeiDataDrivenTest" name="createJobApiTest" time="4.17"/>
  <testcase classname="com.api1.test.datadriven.CreateJobApFakeiDataDrivenTest" name="createJobApiTest" time="4.171"/>
  <testcase classname="com.api1.test.datadriven.CreateJobApFakeiDataDrivenTest" name="createJobApiTest" time="4.172"/>
  <testcase classname="com.api1.test.datadriven.CreateJobApFakeiDataDrivenTest" name="createJobApiTest" time="4.168"/>
  <testcase classname="com.api1.test.datadriven.CreateJobApFakeiDataDrivenTest" name="createJobApiTest" time="4.172"/>
  <testcase classname="com.api1.test.datadriven.CreateJobApFakeiDataDrivenTest" name="createJobApiTest" time="4.171"/>
</testsuite> <!-- Default test -->
