<?xml version="1.0" encoding="UTF-8"?>
<!-- Generated by org.testng.reporters.JUnitXMLReporter -->
<testsuite ignored="0" hostname="Shinde" failures="0" tests="10" name="Default test" time="4.335" errors="0" timestamp="2025-11-21T23:56:00 IST">
  <testcase classname="com.api1.test.datadriven.CreateJobApFakeiDataDrivenTest" name="createJobApiTest" time="3.778"/>
  <testcase classname="com.api1.test.datadriven.CreateJobApFakeiDataDrivenTest" name="createJobApiTest" time="3.779"/>
  <testcase classname="com.api1.test.datadriven.CreateJobApFakeiDataDrivenTest" name="createJobApiTest" time="3.862"/>
  <testcase classname="com.api1.test.datadriven.CreateJobApFakeiDataDrivenTest" name="createJobApiTest" time="3.931"/>
  <testcase classname="com.api1.test.datadriven.CreateJobApFakeiDataDrivenTest" name="createJobApiTest" time="3.935"/>
  <testcase classname="com.api1.test.datadriven.CreateJobApFakeiDataDrivenTest" name="createJobApiTest" time="3.961"/>
  <testcase classname="com.api1.test.datadriven.CreateJobApFakeiDataDrivenTest" name="createJobApiTest" time="3.963"/>
  <testcase classname="com.api1.test.datadriven.CreateJobApFakeiDataDrivenTest" name="createJobApiTest" time="3.968"/>
  <testcase classname="com.api1.test.datadriven.CreateJobApFakeiDataDrivenTest" name="createJobApiTest" time="3.977"/>
  <testcase classname="com.api1.test.datadriven.CreateJobApFakeiDataDrivenTest" name="createJobApiTest" time="4.001"/>
</testsuite> <!-- Default test -->
