<?xml version="1.0" encoding="UTF-8"?>
<!-- Generated by org.testng.reporters.JUnitXMLReporter -->
<testsuite ignored="0" hostname="Shinde" failures="0" tests="6" name="Inwarranty Flow" time="5.884" errors="0" timestamp="2025-10-28T21:55:44 IST">
  <testcase classname="com.api1.test.LoginApiTest" name="Test" time="2.743"/>
  <testcase classname="com.api1.test.UserdeatilsTest" name="Test" time="0.896"/>
  <testcase classname="com.api1.test.CountApiTest" name="CoutApiTest" time="0.67"/>
  <testcase classname="com.api1.test.CountApiTest" name="NeagtiveTest" time="0.51"/>
  <testcase classname="com.api1.test.MasterApiTest" name="Auth_missing" time="0.181"/>
  <testcase classname="com.api1.test.MasterApiTest" name="MasterApiTest" time="0.82"/>
</testsuite> <!-- Inwarranty Flow -->
