<?xml version="1.0" encoding="UTF-8"?>
<!-- Generated by org.testng.reporters.JUnitXMLReporter -->
<testsuite ignored="0" hostname="Shinde" failures="0" tests="6" name="Inwarranty Flow" time="4.157" errors="0" timestamp="2025-10-28T17:35:11 IST">
  <testcase classname="com.api1.test.LoginApiTest" name="Test" time="2.2"/>
  <testcase classname="com.api1.test.UserdeatilsTest" name="Test" time="0.481"/>
  <testcase classname="com.api1.test.CountApiTest" name="CoutApiTest" time="0.435"/>
  <testcase classname="com.api1.test.CountApiTest" name="NeagtiveTest" time="0.443"/>
  <testcase classname="com.api1.test.MasterApiTest" name="Auth_missing" time="0.114"/>
  <testcase classname="com.api1.test.MasterApiTest" name="MasterApiTest" time="0.445"/>
</testsuite> <!-- Inwarranty Flow -->
