<?xml version="1.0" encoding="UTF-8"?>
<!-- Generated by org.testng.reporters.JUnitXMLReporter -->
<testsuite ignored="0" hostname="Shinde" failures="0" tests="6" name="Inwarranty Flow" time="5.527" errors="0" timestamp="2025-10-28T22:13:00 IST">
  <testcase classname="com.api1.test.LoginApiTest" name="Test" time="3.005"/>
  <testcase classname="com.api1.test.UserdeatilsTest" name="Test" time="0.45"/>
  <testcase classname="com.api1.test.CountApiTest" name="CoutApiTest" time="0.538"/>
  <testcase classname="com.api1.test.CountApiTest" name="NeagtiveTest" time="0.58"/>
  <testcase classname="com.api1.test.MasterApiTest" name="Auth_missing" time="0.208"/>
  <testcase classname="com.api1.test.MasterApiTest" name="MasterApiTest" time="0.701"/>
</testsuite> <!-- Inwarranty Flow -->
