<?xml version="1.0" encoding="UTF-8"?>
<testng-results ignored="0" total="10" passed="10" failed="0" skipped="0">
  <reporter-output>
  </reporter-output>
  <suite started-at="2025-11-21T21:00:54 IST" name="Default suite" finished-at="2025-11-21T21:00:58 IST" duration-ms="4546">
    <groups>
      <group name="regression">
        <method signature="CreateJobApFakeiDataDrivenTest.createJobApiTest(com.pojo.CreateJobPayload)[pri:0, instance:com.api1.test.datadriven.CreateJobApFakeiDataDrivenTest@6ca8564a]" name="createJobApiTest" class="com.api1.test.datadriven.CreateJobApFakeiDataDrivenTest"/>
      </group> <!-- regression -->
      <group name="uat">
        <method signature="CreateJobApFakeiDataDrivenTest.createJobApiTest(com.pojo.CreateJobPayload)[pri:0, instance:com.api1.test.datadriven.CreateJobApFakeiDataDrivenTest@6ca8564a]" name="createJobApiTest" class="com.api1.test.datadriven.CreateJobApFakeiDataDrivenTest"/>
      </group> <!-- uat -->
      <group name="data driven">
        <method signature="CreateJobApFakeiDataDrivenTest.createJobApiTest(com.pojo.CreateJobPayload)[pri:0, instance:com.api1.test.datadriven.CreateJobApFakeiDataDrivenTest@6ca8564a]" name="createJobApiTest" class="com.api1.test.datadriven.CreateJobApFakeiDataDrivenTest"/>
      </group> <!-- data driven -->
      <group name="api">
        <method signature="CreateJobApFakeiDataDrivenTest.createJobApiTest(com.pojo.CreateJobPayload)[pri:0, instance:com.api1.test.datadriven.CreateJobApFakeiDataDrivenTest@6ca8564a]" name="createJobApiTest" class="com.api1.test.datadriven.CreateJobApFakeiDataDrivenTest"/>
      </group> <!-- api -->
    </groups>
    <test started-at="2025-11-21T21:00:54 IST" name="Default test" finished-at="2025-11-21T21:00:58 IST" duration-ms="4546">
      <class name="com.api1.test.datadriven.CreateJobApFakeiDataDrivenTest">
        <test-method signature="createJobApiTest(com.pojo.CreateJobPayload)[pri:0, instance:com.api1.test.datadriven.CreateJobApFakeiDataDrivenTest@6ca8564a]" started-at="2025-11-21T21:00:54 IST" name="createJobApiTest" description="verify correct craetejob api warranty" data-provider="CraeteJobAPIFakeDataprovider" finished-at="2025-11-21T21:00:58 IST" duration-ms="4168" status="PASS">
          <params>
            <param index="0">
              <value>
                <![CDATA[CreateJobPayload[mst_service_location_id=0, mst_platform_id=2, mst_warrenty_status_id=1, mst_oem_id=1, customer=Customer[first_name=Ekadant, last_name=Pilla, mobile_number=7047316357, mobile_number_alt=7056223864, email_id=anilabh.dhawan@yahoo.co.in, email_id_alt=hiranmay.pillai@yahoo.co.in], customer_address=Customer_address[flat_number=223, apartment_name=Adinath Expressway, street_name=Joshi Fields, landmark=Vedanshi Coves, area=9030 Dubashi Parkways, pincode=89272, country=India, state=Uttaranchal], customer_product=Customer_product[dop=2025-11-11T15:30:54.658426700Z, serial_number=661643535615456, imei1=661643535615456, imei2=661643535615456, popurl=www.bilwa-khatri.co.in, product_id=1, mst_model_id=1], problems=[Problems[id=29, remark=Nostrum repudiandae vel unde voluptatem.]]]]]>
              </value>
            </param>
          </params>
          <reporter-output>
          </reporter-output>
        </test-method> <!-- createJobApiTest -->
        <test-method signature="createJobApiTest(com.pojo.CreateJobPayload)[pri:0, instance:com.api1.test.datadriven.CreateJobApFakeiDataDrivenTest@6ca8564a]" started-at="2025-11-21T21:00:54 IST" name="createJobApiTest" description="verify correct craetejob api warranty" data-provider="CraeteJobAPIFakeDataprovider" finished-at="2025-11-21T21:00:58 IST" duration-ms="4172" status="PASS">
          <params>
            <param index="0">
              <value>
                <![CDATA[CreateJobPayload[mst_service_location_id=0, mst_platform_id=2, mst_warrenty_status_id=1, mst_oem_id=1, customer=Customer[first_name=Dhanalakshmi, last_name=Tagore, mobile_number=7078879533, mobile_number_alt=7049677237, email_id=anshula.guha@gmail.com, email_id_alt=nagabhushanam.dubashi@gmail.com], customer_address=Customer_address[flat_number=366, apartment_name=Ojaswini Skyway, street_name=Pramila View, landmark=Smita Ramp, area=2795 Baladitya Stravenue, pincode=32089, country=India, state=Uttaranchal], customer_product=Customer_product[dop=2025-11-11T15:30:54.682426600Z, serial_number=877041293941707, imei1=877041293941707, imei2=877041293941707, popurl=www.devi-butt.info, product_id=1, mst_model_id=1], problems=[Problems[id=20, remark=Nulla error iusto.]]]]]>
              </value>
            </param>
          </params>
          <reporter-output>
          </reporter-output>
        </test-method> <!-- createJobApiTest -->
        <test-method signature="createJobApiTest(com.pojo.CreateJobPayload)[pri:0, instance:com.api1.test.datadriven.CreateJobApFakeiDataDrivenTest@6ca8564a]" started-at="2025-11-21T21:00:54 IST" name="createJobApiTest" description="verify correct craetejob api warranty" data-provider="CraeteJobAPIFakeDataprovider" finished-at="2025-11-21T21:00:58 IST" duration-ms="4171" status="PASS">
          <params>
            <param index="0">
              <value>
                <![CDATA[CreateJobPayload[mst_service_location_id=0, mst_platform_id=2, mst_warrenty_status_id=1, mst_oem_id=1, customer=Customer[first_name=Karthik, last_name=Verma, mobile_number=7090551597, mobile_number_alt=7040241883, email_id=garuda.bhat@yahoo.co.in, email_id_alt=ujjwal.sharma@gmail.com], customer_address=Customer_address[flat_number=335, apartment_name=Adiga Canyon, street_name=Patel Via, landmark=Dwivedi Summit, area=94379 Agarwal Mill, pincode=61509, country=India, state=Chhattisgarh], customer_product=Customer_product[dop=2025-11-11T15:30:54.667425300Z, serial_number=585053559403484, imei1=585053559403484, imei2=585053559403484, popurl=www.sarala-mehra.biz, product_id=1, mst_model_id=1], problems=[Problems[id=10, remark=Ex voluptatem occaecati.]]]]]>
              </value>
            </param>
          </params>
          <reporter-output>
          </reporter-output>
        </test-method> <!-- createJobApiTest -->
        <test-method signature="createJobApiTest(com.pojo.CreateJobPayload)[pri:0, instance:com.api1.test.datadriven.CreateJobApFakeiDataDrivenTest@6ca8564a]" started-at="2025-11-21T21:00:54 IST" name="createJobApiTest" description="verify correct craetejob api warranty" data-provider="CraeteJobAPIFakeDataprovider" finished-at="2025-11-21T21:00:58 IST" duration-ms="4172" status="PASS">
          <params>
            <param index="0">
              <value>
                <![CDATA[CreateJobPayload[mst_service_location_id=0, mst_platform_id=2, mst_warrenty_status_id=1, mst_oem_id=1, customer=Customer[first_name=Ojaswini, last_name=Pothuvaal, mobile_number=7034418940, mobile_number_alt=7001997060, email_id=bahula.butt@hotmail.com, email_id_alt=trilokinath.patil@hotmail.com], customer_address=Customer_address[flat_number=137, apartment_name=Paramartha Spring, street_name=Reddy Curve, landmark=Verma Ways, area=1494 Jain Crescent, pincode=68172, country=India, state=Chhattisgarh], customer_product=Customer_product[dop=2025-11-11T15:30:54.612525100Z, serial_number=323956457225424, imei1=323956457225424, imei2=323956457225424, popurl=www.vaishvi-patil.biz, product_id=1, mst_model_id=1], problems=[Problems[id=22, remark=Unde quia amet quod harum.]]]]]>
              </value>
            </param>
          </params>
          <reporter-output>
          </reporter-output>
        </test-method> <!-- createJobApiTest -->
        <test-method signature="createJobApiTest(com.pojo.CreateJobPayload)[pri:0, instance:com.api1.test.datadriven.CreateJobApFakeiDataDrivenTest@6ca8564a]" started-at="2025-11-21T21:00:54 IST" name="createJobApiTest" description="verify correct craetejob api warranty" data-provider="CraeteJobAPIFakeDataprovider" finished-at="2025-11-21T21:00:58 IST" duration-ms="4171" status="PASS">
          <params>
            <param index="0">
              <value>
                <![CDATA[CreateJobPayload[mst_service_location_id=0, mst_platform_id=2, mst_warrenty_status_id=1, mst_oem_id=1, customer=Customer[first_name=Chitraksh, last_name=Kaul, mobile_number=7020382812, mobile_number_alt=7098969293, email_id=vishwamitra.iyer@yahoo.co.in, email_id_alt=shubha.mukhopadhyay@gmail.com], customer_address=Customer_address[flat_number=979, apartment_name=Vasundhara Mountains, street_name=Adikavi Plaza, landmark=Asan Groves, area=24788 Shukla Stream, pincode=41830, country=India, state=Lakshadweep], customer_product=Customer_product[dop=2025-11-11T15:30:54.702423300Z, serial_number=834606681935567, imei1=834606681935567, imei2=834606681935567, popurl=www.umang-pilla.com, product_id=1, mst_model_id=1], problems=[Problems[id=27, remark=Ex odit nam omnis doloribus.]]]]]>
              </value>
            </param>
          </params>
          <reporter-output>
          </reporter-output>
        </test-method> <!-- createJobApiTest -->
        <test-method signature="createJobApiTest(com.pojo.CreateJobPayload)[pri:0, instance:com.api1.test.datadriven.CreateJobApFakeiDataDrivenTest@6ca8564a]" started-at="2025-11-21T21:00:54 IST" name="createJobApiTest" description="verify correct craetejob api warranty" data-provider="CraeteJobAPIFakeDataprovider" finished-at="2025-11-21T21:00:58 IST" duration-ms="4171" status="PASS">
          <params>
            <param index="0">
              <value>
                <![CDATA[CreateJobPayload[mst_service_location_id=0, mst_platform_id=2, mst_warrenty_status_id=1, mst_oem_id=1, customer=Customer[first_name=Akshainie, last_name=Mishra, mobile_number=7099854910, mobile_number_alt=7027792776, email_id=giri.nambeesan@hotmail.com, email_id_alt=atmananda.adiga@hotmail.com], customer_address=Customer_address[flat_number=503, apartment_name=Deven Court, street_name=Somayaji Stravenue, landmark=Pilla Fall, area=95029 Tandon Highway, pincode=73748, country=India, state=Chandigarh], customer_product=Customer_product[dop=2025-11-11T15:30:54.695427500Z, serial_number=339783064671301, imei1=339783064671301, imei2=339783064671301, popurl=www.anwesha-mehra.name, product_id=1, mst_model_id=1], problems=[Problems[id=9, remark=Eius nostrum quaerat voluptatem aut rerum.]]]]]>
              </value>
            </param>
          </params>
          <reporter-output>
          </reporter-output>
        </test-method> <!-- createJobApiTest -->
        <test-method signature="createJobApiTest(com.pojo.CreateJobPayload)[pri:0, instance:com.api1.test.datadriven.CreateJobApFakeiDataDrivenTest@6ca8564a]" started-at="2025-11-21T21:00:54 IST" name="createJobApiTest" description="verify correct craetejob api warranty" data-provider="CraeteJobAPIFakeDataprovider" finished-at="2025-11-21T21:00:58 IST" duration-ms="4170" status="PASS">
          <params>
            <param index="0">
              <value>
                <![CDATA[CreateJobPayload[mst_service_location_id=0, mst_platform_id=2, mst_warrenty_status_id=1, mst_oem_id=1, customer=Customer[first_name=Deeptimoy, last_name=Kapoor, mobile_number=7038550850, mobile_number_alt=7056625992, email_id=budhil.johar@hotmail.com, email_id_alt=bheeshma.gandhi@hotmail.com], customer_address=Customer_address[flat_number=784, apartment_name=Nair Unions, street_name=Deshpande Alley, landmark=Khan Oval, area=61535 Deshpande Loop, pincode=32413, country=India, state=Orissa], customer_product=Customer_product[dop=2025-11-11T15:30:54.688423Z, serial_number=655302748416146, imei1=655302748416146, imei2=655302748416146, popurl=www.tapan-butt.net, product_id=1, mst_model_id=1], problems=[Problems[id=15, remark=Harum omnis.]]]]]>
              </value>
            </param>
          </params>
          <reporter-output>
          </reporter-output>
        </test-method> <!-- createJobApiTest -->
        <test-method signature="createJobApiTest(com.pojo.CreateJobPayload)[pri:0, instance:com.api1.test.datadriven.CreateJobApFakeiDataDrivenTest@6ca8564a]" started-at="2025-11-21T21:00:54 IST" name="createJobApiTest" description="verify correct craetejob api warranty" data-provider="CraeteJobAPIFakeDataprovider" finished-at="2025-11-21T21:00:58 IST" duration-ms="4171" status="PASS">
          <params>
            <param index="0">
              <value>
                <![CDATA[CreateJobPayload[mst_service_location_id=0, mst_platform_id=2, mst_warrenty_status_id=1, mst_oem_id=1, customer=Customer[first_name=Dwaipayana, last_name=Chopra, mobile_number=7035062872, mobile_number_alt=7054797049, email_id=chandramauli.sethi@yahoo.co.in, email_id_alt=tushar.banerjee@hotmail.com], customer_address=Customer_address[flat_number=555, apartment_name=Girish Plaza, street_name=Kanak Stream, landmark=Bhisham Mills, area=69131 Meghnath Hill, pincode=65768, country=India, state=Jharkhand], customer_product=Customer_product[dop=2025-11-11T15:30:54.674424500Z, serial_number=390900729524155, imei1=390900729524155, imei2=390900729524155, popurl=www.charvi-iyengar.name, product_id=1, mst_model_id=1], problems=[Problems[id=16, remark=Tempore eos incidunt quia.]]]]]>
              </value>
            </param>
          </params>
          <reporter-output>
          </reporter-output>
        </test-method> <!-- createJobApiTest -->
        <test-method signature="createJobApiTest(com.pojo.CreateJobPayload)[pri:0, instance:com.api1.test.datadriven.CreateJobApFakeiDataDrivenTest@6ca8564a]" started-at="2025-11-21T21:00:54 IST" name="createJobApiTest" description="verify correct craetejob api warranty" data-provider="CraeteJobAPIFakeDataprovider" finished-at="2025-11-21T21:00:58 IST" duration-ms="4170" status="PASS">
          <params>
            <param index="0">
              <value>
                <![CDATA[CreateJobPayload[mst_service_location_id=0, mst_platform_id=2, mst_warrenty_status_id=1, mst_oem_id=1, customer=Customer[first_name=Suryakant, last_name=Malik, mobile_number=7022482840, mobile_number_alt=7090479820, email_id=ekaling.butt@hotmail.com, email_id_alt=anal.prajapat@hotmail.com], customer_address=Customer_address[flat_number=100, apartment_name=Anand Expressway, street_name=Menon Summit, landmark=Pillai Stream, area=29268 Chakradhar Skyway, pincode=52024, country=India, state=Sikkim], customer_product=Customer_product[dop=2025-11-11T15:30:54.649334600Z, serial_number=221957494362402, imei1=221957494362402, imei2=221957494362402, popurl=www.kannen-chaturvedi.name, product_id=1, mst_model_id=1], problems=[Problems[id=26, remark=Beatae voluptatem error enim possimus aut.]]]]]>
              </value>
            </param>
          </params>
          <reporter-output>
          </reporter-output>
        </test-method> <!-- createJobApiTest -->
        <test-method signature="createJobApiTest(com.pojo.CreateJobPayload)[pri:0, instance:com.api1.test.datadriven.CreateJobApFakeiDataDrivenTest@6ca8564a]" started-at="2025-11-21T21:00:54 IST" name="createJobApiTest" description="verify correct craetejob api warranty" data-provider="CraeteJobAPIFakeDataprovider" finished-at="2025-11-21T21:00:58 IST" duration-ms="4170" status="PASS">
          <params>
            <param index="0">
              <value>
                <![CDATA[CreateJobPayload[mst_service_location_id=0, mst_platform_id=2, mst_warrenty_status_id=1, mst_oem_id=1, customer=Customer[first_name=Ekaaksh, last_name=Rana, mobile_number=7005071675, mobile_number_alt=7011295097, email_id=chakravarti.sharma@yahoo.co.in, email_id_alt=sarala.shah@hotmail.com], customer_address=Customer_address[flat_number=611, apartment_name=Verma Mews, street_name=Kiran Corner, landmark=Aayushmaan Lodge, area=943 Aanandinii Camp, pincode=27714, country=India, state=Kerala], customer_product=Customer_product[dop=2025-11-11T15:30:54.640337700Z, serial_number=073129539195268, imei1=073129539195268, imei2=073129539195268, popurl=www.bhaasvan-varman.com, product_id=1, mst_model_id=1], problems=[Problems[id=26, remark=Dolor quisquam dolores est reprehenderit consequatur.]]]]]>
              </value>
            </param>
          </params>
          <reporter-output>
          </reporter-output>
        </test-method> <!-- createJobApiTest -->
      </class> <!-- com.api1.test.datadriven.CreateJobApFakeiDataDrivenTest -->
    </test> <!-- Default test -->
  </suite> <!-- Default suite -->
</testng-results>
