<?xml version="1.0" encoding="UTF-8"?>
<testng-results ignored="0" total="1" passed="1" failed="0" skipped="0">
  <reporter-output>
  </reporter-output>
  <suite started-at="2025-11-02T15:07:13 IST" name="Default suite" finished-at="2025-11-02T15:07:17 IST" duration-ms="4774">
    <groups>
      <group name="regression">
        <method signature="CreateJobApiTest.createJobApiTest()[pri:0, instance:com.api1.test.CreateJobApiTest@72057ecf]" name="createJobApiTest" class="com.api1.test.CreateJobApiTest"/>
      </group> <!-- regression -->
      <group name="uat">
        <method signature="CreateJobApiTest.createJobApiTest()[pri:0, instance:com.api1.test.CreateJobApiTest@72057ecf]" name="createJobApiTest" class="com.api1.test.CreateJobApiTest"/>
      </group> <!-- uat -->
      <group name="api">
        <method signature="CreateJobApiTest.createJobApiTest()[pri:0, instance:com.api1.test.CreateJobApiTest@72057ecf]" name="createJobApiTest" class="com.api1.test.CreateJobApiTest"/>
      </group> <!-- api -->
    </groups>
    <test started-at="2025-11-02T15:07:13 IST" name="Default test" finished-at="2025-11-02T15:07:17 IST" duration-ms="4774">
      <class name="com.api1.test.CreateJobApiTest">
        <test-method is-config="true" signature="setup()[pri:0, instance:com.api1.test.CreateJobApiTest@72057ecf]" started-at="2025-11-02T15:07:13 IST" name="setup" description="verify create job api payload" finished-at="2025-11-02T15:07:13 IST" duration-ms="22" status="PASS">
          <reporter-output>
          </reporter-output>
        </test-method> <!-- setup -->
        <test-method signature="createJobApiTest()[pri:0, instance:com.api1.test.CreateJobApiTest@72057ecf]" started-at="2025-11-02T15:07:13 IST" name="createJobApiTest" description="verify correct craetejob api warranty" finished-at="2025-11-02T15:07:17 IST" duration-ms="4693" status="PASS">
          <reporter-output>
          </reporter-output>
        </test-method> <!-- createJobApiTest -->
      </class> <!-- com.api1.test.CreateJobApiTest -->
    </test> <!-- Default test -->
  </suite> <!-- Default suite -->
</testng-results>
