<?xml version="1.0" encoding="UTF-8"?>
<testng-results ignored="0" total="1" passed="1" failed="0" skipped="0">
  <reporter-output>
  </reporter-output>
  <suite started-at="2025-10-31T12:54:27 IST" name="Default suite" finished-at="2025-10-31T12:54:31 IST" duration-ms="4006">
    <groups>
    </groups>
    <test started-at="2025-10-31T12:54:27 IST" name="Default test" finished-at="2025-10-31T12:54:31 IST" duration-ms="4006">
      <class name="com.api1.test.CreateJobApiTest">
        <test-method signature="createJobApiTest()[pri:0, instance:com.api1.test.CreateJobApiTest@31368b99]" started-at="2025-10-31T12:54:27 IST" name="createJobApiTest" finished-at="2025-10-31T12:54:31 IST" duration-ms="3957" status="PASS">
          <reporter-output>
          </reporter-output>
        </test-method> <!-- createJobApiTest -->
      </class> <!-- com.api1.test.CreateJobApiTest -->
    </test> <!-- Default test -->
  </suite> <!-- Default suite -->
</testng-results>
