<?xml version="1.0" encoding="UTF-8"?>
<testng-results ignored="0" total="2" passed="2" failed="0" skipped="0">
  <reporter-output>
  </reporter-output>
  <suite started-at="2025-10-28T12:13:23 IST" name="Default suite" finished-at="2025-10-28T12:13:28 IST" duration-ms="4756">
    <groups>
    </groups>
    <test started-at="2025-10-28T12:13:23 IST" name="Default test" finished-at="2025-10-28T12:13:28 IST" duration-ms="4756">
      <class name="com.api1.test.MasterApiTest">
        <test-method signature="Auth_missing()[pri:0, instance:com.api1.test.MasterApiTest@15c43bd9]" started-at="2025-10-28T12:13:23 IST" name="Auth_missing" finished-at="2025-10-28T12:13:25 IST" duration-ms="2271" status="PASS">
          <reporter-output>
          </reporter-output>
        </test-method> <!-- Auth_missing -->
        <test-method signature="MasterApiTest()[pri:0, instance:com.api1.test.MasterApiTest@15c43bd9]" started-at="2025-10-28T12:13:25 IST" name="MasterApiTest" finished-at="2025-10-28T12:13:28 IST" duration-ms="2408" status="PASS">
          <reporter-output>
          </reporter-output>
        </test-method> <!-- MasterApiTest -->
      </class> <!-- com.api1.test.MasterApiTest -->
    </test> <!-- Default test -->
  </suite> <!-- Default suite -->
</testng-results>
