<?xml version="1.0" encoding="UTF-8"?>
<testng-results ignored="0" total="2" passed="2" failed="0" skipped="0">
  <reporter-output>
  </reporter-output>
  <suite started-at="2025-10-29T01:44:16 IST" name="Default suite" finished-at="2025-10-29T01:44:20 IST" duration-ms="3565">
    <groups>
    </groups>
    <test started-at="2025-10-29T01:44:16 IST" name="Default test" finished-at="2025-10-29T01:44:20 IST" duration-ms="3565">
      <class name="com.api1.test.CountApiTest">
        <test-method signature="CoutApiTest()[pri:0, instance:com.api1.test.CountApiTest@15c43bd9]" started-at="2025-10-29T01:44:16 IST" name="CoutApiTest" finished-at="2025-10-29T01:44:19 IST" duration-ms="3024" status="PASS">
          <reporter-output>
          </reporter-output>
        </test-method> <!-- CoutApiTest -->
        <test-method signature="NeagtiveTest()[pri:0, instance:com.api1.test.CountApiTest@15c43bd9]" started-at="2025-10-29T01:44:19 IST" name="NeagtiveTest" finished-at="2025-10-29T01:44:20 IST" duration-ms="465" status="PASS">
          <reporter-output>
          </reporter-output>
        </test-method> <!-- NeagtiveTest -->
      </class> <!-- com.api1.test.CountApiTest -->
    </test> <!-- Default test -->
  </suite> <!-- Default suite -->
</testng-results>
