<?xml version="1.0" encoding="UTF-8"?>
<testng-results ignored="0" total="1" passed="1" failed="0" skipped="0">
  <reporter-output>
  </reporter-output>
  <suite started-at="2025-10-30T15:37:17 IST" name="Default suite" finished-at="2025-10-30T15:37:21 IST" duration-ms="4487">
    <groups>
    </groups>
    <test started-at="2025-10-30T15:37:17 IST" name="Default test" finished-at="2025-10-30T15:37:21 IST" duration-ms="4487">
      <class name="com.api1.test.UserdeatilsTest">
        <test-method signature="Test()[pri:0, instance:com.api1.test.UserdeatilsTest@41e36e46]" started-at="2025-10-30T15:37:17 IST" name="Test" finished-at="2025-10-30T15:37:21 IST" duration-ms="4424" status="PASS">
          <reporter-output>
          </reporter-output>
        </test-method> <!-- Test -->
      </class> <!-- com.api1.test.UserdeatilsTest -->
    </test> <!-- Default test -->
  </suite> <!-- Default suite -->
</testng-results>
