<?xml version="1.0" encoding="UTF-8"?>
<testng-results ignored="0" total="2" passed="1" failed="1" skipped="0">
  <reporter-output>
  </reporter-output>
  <suite started-at="2025-11-16T14:27:37 IST" name="Default suite" finished-at="2025-11-16T14:27:40 IST" duration-ms="2987">
    <groups>
      <group name="regression">
        <method signature="CreateJobApiDataDrivenTest.createJobApiTest(com.pojo.CreateJobPayload)[pri:0, instance:com.api1.test.datadriven.CreateJobApiDataDrivenTest@1ddf84b8]" name="createJobApiTest" class="com.api1.test.datadriven.CreateJobApiDataDrivenTest"/>
      </group> <!-- regression -->
      <group name="uat">
        <method signature="CreateJobApiDataDrivenTest.createJobApiTest(com.pojo.CreateJobPayload)[pri:0, instance:com.api1.test.datadriven.CreateJobApiDataDrivenTest@1ddf84b8]" name="createJobApiTest" class="com.api1.test.datadriven.CreateJobApiDataDrivenTest"/>
      </group> <!-- uat -->
      <group name="data driven">
        <method signature="CreateJobApiDataDrivenTest.createJobApiTest(com.pojo.CreateJobPayload)[pri:0, instance:com.api1.test.datadriven.CreateJobApiDataDrivenTest@1ddf84b8]" name="createJobApiTest" class="com.api1.test.datadriven.CreateJobApiDataDrivenTest"/>
      </group> <!-- data driven -->
      <group name="api">
        <method signature="CreateJobApiDataDrivenTest.createJobApiTest(com.pojo.CreateJobPayload)[pri:0, instance:com.api1.test.datadriven.CreateJobApiDataDrivenTest@1ddf84b8]" name="createJobApiTest" class="com.api1.test.datadriven.CreateJobApiDataDrivenTest"/>
      </group> <!-- api -->
    </groups>
    <test started-at="2025-11-16T14:27:37 IST" name="Default test" finished-at="2025-11-16T14:27:40 IST" duration-ms="2987">
      <class name="com.api1.test.datadriven.CreateJobApiDataDrivenTest">
        <test-method signature="createJobApiTest(com.pojo.CreateJobPayload)[pri:0, instance:com.api1.test.datadriven.CreateJobApiDataDrivenTest@1ddf84b8]" started-at="2025-11-16T14:27:37 IST" name="createJobApiTest" description="verify correct craetejob api warranty" data-provider="CraeteJobAPIDataprovider" finished-at="2025-11-16T14:27:40 IST" duration-ms="2821" status="PASS">
          <params>
            <param index="0">
              <value>
                <![CDATA[CreateJobPayload[mst_service_location_id=0, mst_platform_id=2, mst_warrenty_status_id=1, mst_oem_id=2, customer=Customer[first_name=sanket, last_name=mane, mobile_number=8765432121, mobile_number_alt=, email_id=sanket393@gmail.com, email_id_alt=], customer_address=Customer_address[flat_number=402, apartment_name=shiv, street_name=mandir road      , landmark=jain school, area=laxmi nagar, pincode=421102, country=India, state=Maharashtra], customer_product=Customer_product[dop=2025-08-31T18:30:00.000Z, serial_number=99626724637906, imei1=99626724637906, imei2=99626724637906, popurl=2025-08-31T18:30:00.000Z, product_id=3, mst_model_id=3], problems=[Problems[id=2, remark=battery]]]]]>
              </value>
            </param>
          </params>
          <reporter-output>
          </reporter-output>
        </test-method> <!-- createJobApiTest -->
        <test-method signature="createJobApiTest(com.pojo.CreateJobPayload)[pri:0, instance:com.api1.test.datadriven.CreateJobApiDataDrivenTest@1ddf84b8]" started-at="2025-11-16T14:27:37 IST" name="createJobApiTest" description="verify correct craetejob api warranty" data-provider="CraeteJobAPIDataprovider" finished-at="2025-11-16T14:27:40 IST" duration-ms="2558" status="FAIL">
          <params>
            <param index="0">
              <value>
                <![CDATA[CreateJobPayload[mst_service_location_id=0, mst_platform_id=2, mst_warrenty_status_id=1, mst_oem_id=2, customer=Customer[first_name=udya, last_name=mane, mobile_number=8765432121, mobile_number_alt=, email_id=sanket393@gmail.com, email_id_alt=], customer_address=Customer_address[flat_number=402, apartment_name=shiv, street_name=mandir road      , landmark=jain school, area=laxmi nagar, pincode=421102, country=India, state=Maharashtra], customer_product=Customer_product[dop=2025-08-31T18:30:00.000Z, serial_number=99616724637906, imei1=99616724637906, imei2=99616724637906, popurl=2025-08-31T18:30:00.000Z, product_id=3, mst_model_id=3], problems=[Problems[id=2, remark=battery]]]]]>
              </value>
            </param>
          </params>
          <exception class="java.lang.AssertionError">
            <message>
              <![CDATA[1 expectation failed.
Expected status code <200> but was <500>.
]]>
            </message>
            <full-stacktrace>
              <![CDATA[java.lang.AssertionError: 1 expectation failed.
Expected status code <200> but was <500>.

at java.base/jdk.internal.reflect.DirectConstructorHandleAccessor.newInstance(DirectConstructorHandleAccessor.java:62)
at java.base/java.lang.reflect.Constructor.newInstanceWithCaller(Constructor.java:502)
at java.base/java.lang.reflect.Constructor.newInstance(Constructor.java:486)
at org.codehaus.groovy.reflection.CachedConstructor.invoke(CachedConstructor.java:73)
at org.codehaus.groovy.runtime.callsite.ConstructorSite$ConstructorSiteNoUnwrapNoCoerce.callConstructor(ConstructorSite.java:108)
at org.codehaus.groovy.runtime.callsite.CallSiteArray.defaultCallConstructor(CallSiteArray.java:57)
at org.codehaus.groovy.runtime.callsite.AbstractCallSite.callConstructor(AbstractCallSite.java:263)
at org.codehaus.groovy.runtime.callsite.AbstractCallSite.callConstructor(AbstractCallSite.java:277)
at io.restassured.internal.ResponseSpecificationImpl$HamcrestAssertionClosure.validate(ResponseSpecificationImpl.groovy:512)
at io.restassured.internal.ResponseSpecificationImpl$HamcrestAssertionClosure$validate$3.call(Unknown Source)
at io.restassured.internal.ResponseSpecificationImpl.validate(ResponseSpecificationImpl.groovy:101)
at io.restassured.internal.ValidatableResponseOptionsImpl.spec(ValidatableResponseOptionsImpl.java:288)
at com.api1.test.datadriven.CreateJobApiDataDrivenTest.createJobApiTest(CreateJobApiDataDrivenTest.java:61)
at java.base/jdk.internal.reflect.DirectMethodHandleAccessor.invoke(DirectMethodHandleAccessor.java:103)
at java.base/java.lang.reflect.Method.invoke(Method.java:580)
at org.testng.internal.MethodInvocationHelper.invokeMethod(MethodInvocationHelper.java:133)
at org.testng.internal.TestInvoker.invokeMethod(TestInvoker.java:598)
at org.testng.internal.TestInvoker.invokeTestMethod(TestInvoker.java:173)
at org.testng.internal.TestMethodWithDataProviderMethodWorker.call(TestMethodWithDataProviderMethodWorker.java:77)
at org.testng.internal.TestMethodWithDataProviderMethodWorker.call(TestMethodWithDataProviderMethodWorker.java:15)
at java.base/java.util.concurrent.FutureTask.run(FutureTask.java:317)
at java.base/java.util.concurrent.Executors$RunnableAdapter.call(Executors.java:572)
at java.base/java.util.concurrent.FutureTask.run(FutureTask.java:317)
at java.base/java.util.concurrent.ThreadPoolExecutor.runWorker(ThreadPoolExecutor.java:1144)
at java.base/java.util.concurrent.ThreadPoolExecutor$Worker.run(ThreadPoolExecutor.java:642)
at java.base/java.lang.Thread.run(Thread.java:1583)
]]>
            </full-stacktrace>
          </exception> <!-- java.lang.AssertionError -->
          <reporter-output>
          </reporter-output>
        </test-method> <!-- createJobApiTest -->
      </class> <!-- com.api1.test.datadriven.CreateJobApiDataDrivenTest -->
    </test> <!-- Default test -->
  </suite> <!-- Default suite -->
</testng-results>
