<?xml version="1.0" encoding="UTF-8"?>
<testng-results ignored="0" total="4" passed="3" failed="1" skipped="0">
  <reporter-output>
  </reporter-output>
  <suite started-at="2025-11-08T02:27:40 IST" name="Default suite" finished-at="2025-11-08T02:27:43 IST" duration-ms="2776">
    <groups>
      <group name="regression">
        <method signature="LoginApiDtaDrivenTest.Test(com.dataproviders.api.bean.UserBean)[pri:0, instance:com.api1.test.datadriven.LoginApiDtaDrivenTest@1ddf84b8]" name="Test" class="com.api1.test.datadriven.LoginApiDtaDrivenTest"/>
      </group> <!-- regression -->
      <group name="data driven">
        <method signature="LoginApiDtaDrivenTest.Test(com.dataproviders.api.bean.UserBean)[pri:0, instance:com.api1.test.datadriven.LoginApiDtaDrivenTest@1ddf84b8]" name="Test" class="com.api1.test.datadriven.LoginApiDtaDrivenTest"/>
      </group> <!-- data driven -->
      <group name="api">
        <method signature="LoginApiDtaDrivenTest.Test(com.dataproviders.api.bean.UserBean)[pri:0, instance:com.api1.test.datadriven.LoginApiDtaDrivenTest@1ddf84b8]" name="Test" class="com.api1.test.datadriven.LoginApiDtaDrivenTest"/>
      </group> <!-- api -->
    </groups>
    <test started-at="2025-11-08T02:27:40 IST" name="Default test" finished-at="2025-11-08T02:27:43 IST" duration-ms="2776">
      <class name="com.api1.test.datadriven.LoginApiDtaDrivenTest">
        <test-method signature="Test(com.dataproviders.api.bean.UserBean)[pri:0, instance:com.api1.test.datadriven.LoginApiDtaDrivenTest@1ddf84b8]" started-at="2025-11-08T02:27:40 IST" name="Test" description="Verifying if login api is working for FD user" data-provider="LoginAPIDataProvider" finished-at="2025-11-08T02:27:43 IST" duration-ms="2593" status="PASS">
          <params>
            <param index="0">
              <value>
                <![CDATA[UserBean [username=iameng, password=password]]]>
              </value>
            </param>
          </params>
          <reporter-output>
          </reporter-output>
        </test-method> <!-- Test -->
        <test-method signature="Test(com.dataproviders.api.bean.UserBean)[pri:0, instance:com.api1.test.datadriven.LoginApiDtaDrivenTest@1ddf84b8]" started-at="2025-11-08T02:27:40 IST" name="Test" description="Verifying if login api is working for FD user" data-provider="LoginAPIDataProvider" finished-at="2025-11-08T02:27:42 IST" duration-ms="1829" status="FAIL">
          <params>
            <param index="0">
              <value>
                <![CDATA[UserBean [username=jatin, password=12345]]]>
              </value>
            </param>
          </params>
          <exception class="java.lang.AssertionError">
            <message>
              <![CDATA[1 expectation failed.
Expected status code <200> but was <500>.
]]>
            </message>
            <full-stacktrace>
              <![CDATA[java.lang.AssertionError: 1 expectation failed.
Expected status code <200> but was <500>.

at java.base/jdk.internal.reflect.DirectConstructorHandleAccessor.newInstance(DirectConstructorHandleAccessor.java:62)
at java.base/java.lang.reflect.Constructor.newInstanceWithCaller(Constructor.java:502)
at java.base/java.lang.reflect.Constructor.newInstance(Constructor.java:486)
at org.codehaus.groovy.reflection.CachedConstructor.invoke(CachedConstructor.java:73)
at org.codehaus.groovy.runtime.callsite.ConstructorSite$ConstructorSiteNoUnwrapNoCoerce.callConstructor(ConstructorSite.java:108)
at org.codehaus.groovy.runtime.callsite.CallSiteArray.defaultCallConstructor(CallSiteArray.java:57)
at org.codehaus.groovy.runtime.callsite.AbstractCallSite.callConstructor(AbstractCallSite.java:263)
at org.codehaus.groovy.runtime.callsite.AbstractCallSite.callConstructor(AbstractCallSite.java:277)
at io.restassured.internal.ResponseSpecificationImpl$HamcrestAssertionClosure.validate(ResponseSpecificationImpl.groovy:512)
at io.restassured.internal.ResponseSpecificationImpl$HamcrestAssertionClosure$validate$4.call(Unknown Source)
at io.restassured.internal.ResponseSpecificationImpl.validate(ResponseSpecificationImpl.groovy:101)
at io.restassured.internal.ValidatableResponseOptionsImpl.spec(ValidatableResponseOptionsImpl.java:288)
at com.api1.test.datadriven.LoginApiDtaDrivenTest.Test(LoginApiDtaDrivenTest.java:36)
at java.base/jdk.internal.reflect.DirectMethodHandleAccessor.invoke(DirectMethodHandleAccessor.java:103)
at java.base/java.lang.reflect.Method.invoke(Method.java:580)
at org.testng.internal.MethodInvocationHelper.invokeMethod(MethodInvocationHelper.java:133)
at org.testng.internal.TestInvoker.invokeMethod(TestInvoker.java:598)
at org.testng.internal.TestInvoker.invokeTestMethod(TestInvoker.java:173)
at org.testng.internal.TestMethodWithDataProviderMethodWorker.call(TestMethodWithDataProviderMethodWorker.java:77)
at org.testng.internal.TestMethodWithDataProviderMethodWorker.call(TestMethodWithDataProviderMethodWorker.java:15)
at java.base/java.util.concurrent.FutureTask.run(FutureTask.java:317)
at java.base/java.util.concurrent.Executors$RunnableAdapter.call(Executors.java:572)
at java.base/java.util.concurrent.FutureTask.run(FutureTask.java:317)
at java.base/java.util.concurrent.ThreadPoolExecutor.runWorker(ThreadPoolExecutor.java:1144)
at java.base/java.util.concurrent.ThreadPoolExecutor$Worker.run(ThreadPoolExecutor.java:642)
at java.base/java.lang.Thread.run(Thread.java:1583)
]]>
            </full-stacktrace>
          </exception> <!-- java.lang.AssertionError -->
          <reporter-output>
          </reporter-output>
        </test-method> <!-- Test -->
        <test-method signature="Test(com.dataproviders.api.bean.UserBean)[pri:0, instance:com.api1.test.datadriven.LoginApiDtaDrivenTest@1ddf84b8]" started-at="2025-11-08T02:27:40 IST" name="Test" description="Verifying if login api is working for FD user" data-provider="LoginAPIDataProvider" finished-at="2025-11-08T02:27:43 IST" duration-ms="2593" status="PASS">
          <params>
            <param index="0">
              <value>
                <![CDATA[UserBean [username=iamfd, password=password]]]>
              </value>
            </param>
          </params>
          <reporter-output>
          </reporter-output>
        </test-method> <!-- Test -->
        <test-method signature="Test(com.dataproviders.api.bean.UserBean)[pri:0, instance:com.api1.test.datadriven.LoginApiDtaDrivenTest@1ddf84b8]" started-at="2025-11-08T02:27:40 IST" name="Test" description="Verifying if login api is working for FD user" data-provider="LoginAPIDataProvider" finished-at="2025-11-08T02:27:43 IST" duration-ms="2593" status="PASS">
          <params>
            <param index="0">
              <value>
                <![CDATA[UserBean [username=iamqc, password=password]]]>
              </value>
            </param>
          </params>
          <reporter-output>
          </reporter-output>
        </test-method> <!-- Test -->
      </class> <!-- com.api1.test.datadriven.LoginApiDtaDrivenTest -->
    </test> <!-- Default test -->
  </suite> <!-- Default suite -->
</testng-results>
