<?xml version="1.0" encoding="UTF-8"?>
<testng-results ignored="0" total="6" passed="6" failed="0" skipped="0">
  <reporter-output>
  </reporter-output>
  <suite started-at="2025-10-28T22:58:36 IST" name="Pheonix API Test" finished-at="2025-10-28T22:58:41 IST" duration-ms="5784">
    <groups>
    </groups>
    <test started-at="2025-10-28T22:58:36 IST" name="Inwarranty Flow" finished-at="2025-10-28T22:58:41 IST" duration-ms="5784">
      <class name="com.api1.test.LoginApiTest">
        <test-method signature="Test()[pri:0, instance:com.api1.test.LoginApiTest@72f926e6]" started-at="2025-10-28T22:58:36 IST" name="Test" finished-at="2025-10-28T22:58:39 IST" duration-ms="2906" status="PASS">
          <reporter-output>
          </reporter-output>
        </test-method> <!-- Test -->
      </class> <!-- com.api1.test.LoginApiTest -->
      <class name="com.api1.test.MasterApiTest">
        <test-method signature="Auth_missing()[pri:0, instance:com.api1.test.MasterApiTest@35ef1869]" started-at="2025-10-28T22:58:40 IST" name="Auth_missing" finished-at="2025-10-28T22:58:41 IST" duration-ms="366" status="PASS">
          <reporter-output>
          </reporter-output>
        </test-method> <!-- Auth_missing -->
        <test-method signature="MasterApiTest()[pri:0, instance:com.api1.test.MasterApiTest@35ef1869]" started-at="2025-10-28T22:58:41 IST" name="MasterApiTest" finished-at="2025-10-28T22:58:41 IST" duration-ms="570" status="PASS">
          <reporter-output>
          </reporter-output>
        </test-method> <!-- MasterApiTest -->
      </class> <!-- com.api1.test.MasterApiTest -->
      <class name="com.api1.test.CountApiTest">
        <test-method signature="CoutApiTest()[pri:0, instance:com.api1.test.CountApiTest@3c407114]" started-at="2025-10-28T22:58:39 IST" name="CoutApiTest" finished-at="2025-10-28T22:58:40 IST" duration-ms="661" status="PASS">
          <reporter-output>
          </reporter-output>
        </test-method> <!-- CoutApiTest -->
        <test-method signature="NeagtiveTest()[pri:0, instance:com.api1.test.CountApiTest@3c407114]" started-at="2025-10-28T22:58:40 IST" name="NeagtiveTest" finished-at="2025-10-28T22:58:40 IST" duration-ms="571" status="PASS">
          <reporter-output>
          </reporter-output>
        </test-method> <!-- NeagtiveTest -->
      </class> <!-- com.api1.test.CountApiTest -->
      <class name="com.api1.test.UserdeatilsTest">
        <test-method signature="Test()[pri:0, instance:com.api1.test.UserdeatilsTest@41fbdac4]" started-at="2025-10-28T22:58:39 IST" name="Test" finished-at="2025-10-28T22:58:39 IST" duration-ms="637" status="PASS">
          <reporter-output>
          </reporter-output>
        </test-method> <!-- Test -->
      </class> <!-- com.api1.test.UserdeatilsTest -->
    </test> <!-- Inwarranty Flow -->
  </suite> <!-- Pheonix API Test -->
</testng-results>
