<?xml version="1.0" encoding="UTF-8"?>
<testng-results ignored="0" total="4" passed="0" failed="4" skipped="0">
  <reporter-output>
  </reporter-output>
  <suite started-at="2025-11-30T17:22:01 IST" name="Default suite" finished-at="2025-11-30T17:22:06 IST" duration-ms="4681">
    <groups>
      <group name="regression">
        <method signature="CreateJobApiDBDataDrivenTest.createJobApiTest(com.pojo.CreateJobPayload)[pri:0, instance:com.api1.test.datadriven.CreateJobApiDBDataDrivenTest@68999068]" name="createJobApiTest" class="com.api1.test.datadriven.CreateJobApiDBDataDrivenTest"/>
      </group> <!-- regression -->
      <group name="uat">
        <method signature="CreateJobApiDBDataDrivenTest.createJobApiTest(com.pojo.CreateJobPayload)[pri:0, instance:com.api1.test.datadriven.CreateJobApiDBDataDrivenTest@68999068]" name="createJobApiTest" class="com.api1.test.datadriven.CreateJobApiDBDataDrivenTest"/>
      </group> <!-- uat -->
      <group name="data driven">
        <method signature="CreateJobApiDBDataDrivenTest.createJobApiTest(com.pojo.CreateJobPayload)[pri:0, instance:com.api1.test.datadriven.CreateJobApiDBDataDrivenTest@68999068]" name="createJobApiTest" class="com.api1.test.datadriven.CreateJobApiDBDataDrivenTest"/>
      </group> <!-- data driven -->
      <group name="api">
        <method signature="CreateJobApiDBDataDrivenTest.createJobApiTest(com.pojo.CreateJobPayload)[pri:0, instance:com.api1.test.datadriven.CreateJobApiDBDataDrivenTest@68999068]" name="createJobApiTest" class="com.api1.test.datadriven.CreateJobApiDBDataDrivenTest"/>
      </group> <!-- api -->
    </groups>
    <test started-at="2025-11-30T17:22:01 IST" name="Default test" finished-at="2025-11-30T17:22:06 IST" duration-ms="4681">
      <class name="com.api1.test.datadriven.CreateJobApiDBDataDrivenTest">
        <test-method signature="createJobApiTest(com.pojo.CreateJobPayload)[pri:0, instance:com.api1.test.datadriven.CreateJobApiDBDataDrivenTest@68999068]" started-at="2025-11-30T17:22:03 IST" name="createJobApiTest" description="verify correct craetejob api warranty" data-provider="CraeteJobAPIDBDataprovider" finished-at="2025-11-30T17:22:06 IST" duration-ms="3420" status="FAIL">
          <params>
            <param index="0">
              <value>
                <![CDATA[CreateJobPayload[mst_service_location_id=1, mst_platform_id=2, mst_warrenty_status_id=1, mst_oem_id=1, customer=Customer[first_name=Dallas, last_name=Considine, mobile_number=306-721-0913, mobile_number_alt=, email_id=Houston35@yahoo.com, email_id_alt=], customer_address=Customer_address[flat_number=C-101, apartment_name=test, street_name=1 Whitethorn Square, landmark=land, area=Rohini, pincode=110089, country=India, state=Delhi], customer_product=Customer_product[dop=2025-11-03, serial_number=19644349218385, imei1=19644349218385, imei2=19644349218385, popurl=2025-11-03T00:00:00.000Z, product_id=1, mst_model_id=1], problems=[Problems[id=1, remark=Battery Issue]]]]]>
              </value>
            </param>
          </params>
          <exception class="java.lang.AssertionError">
            <message>
              <![CDATA[1 expectation failed.
Expected status code <200> but was <500>.
]]>
            </message>
            <full-stacktrace>
              <![CDATA[java.lang.AssertionError: 1 expectation failed.
Expected status code <200> but was <500>.

at java.base/jdk.internal.reflect.DirectConstructorHandleAccessor.newInstance(DirectConstructorHandleAccessor.java:62)
at java.base/java.lang.reflect.Constructor.newInstanceWithCaller(Constructor.java:502)
at java.base/java.lang.reflect.Constructor.newInstance(Constructor.java:486)
at org.codehaus.groovy.reflection.CachedConstructor.invoke(CachedConstructor.java:73)
at org.codehaus.groovy.runtime.callsite.ConstructorSite$ConstructorSiteNoUnwrapNoCoerce.callConstructor(ConstructorSite.java:108)
at org.codehaus.groovy.runtime.callsite.AbstractCallSite.callConstructor(AbstractCallSite.java:277)
at io.restassured.internal.ResponseSpecificationImpl$HamcrestAssertionClosure.validate(ResponseSpecificationImpl.groovy:512)
at io.restassured.internal.ResponseSpecificationImpl$HamcrestAssertionClosure$validate$7.call(Unknown Source)
at io.restassured.internal.ResponseSpecificationImpl.validate(ResponseSpecificationImpl.groovy:101)
at io.restassured.internal.ValidatableResponseOptionsImpl.spec(ValidatableResponseOptionsImpl.java:288)
at com.api1.test.datadriven.CreateJobApiDBDataDrivenTest.createJobApiTest(CreateJobApiDBDataDrivenTest.java:61)
at java.base/jdk.internal.reflect.DirectMethodHandleAccessor.invoke(DirectMethodHandleAccessor.java:103)
at java.base/java.lang.reflect.Method.invoke(Method.java:580)
at org.testng.internal.MethodInvocationHelper.invokeMethod(MethodInvocationHelper.java:133)
at org.testng.internal.TestInvoker.invokeMethod(TestInvoker.java:598)
at org.testng.internal.TestInvoker.invokeTestMethod(TestInvoker.java:173)
at org.testng.internal.TestMethodWithDataProviderMethodWorker.call(TestMethodWithDataProviderMethodWorker.java:77)
at org.testng.internal.TestMethodWithDataProviderMethodWorker.call(TestMethodWithDataProviderMethodWorker.java:15)
at java.base/java.util.concurrent.FutureTask.run(FutureTask.java:317)
at java.base/java.util.concurrent.Executors$RunnableAdapter.call(Executors.java:572)
at java.base/java.util.concurrent.FutureTask.run(FutureTask.java:317)
at java.base/java.util.concurrent.ThreadPoolExecutor.runWorker(ThreadPoolExecutor.java:1144)
at java.base/java.util.concurrent.ThreadPoolExecutor$Worker.run(ThreadPoolExecutor.java:642)
at java.base/java.lang.Thread.run(Thread.java:1583)
]]>
            </full-stacktrace>
          </exception> <!-- java.lang.AssertionError -->
          <reporter-output>
          </reporter-output>
        </test-method> <!-- createJobApiTest -->
        <test-method signature="createJobApiTest(com.pojo.CreateJobPayload)[pri:0, instance:com.api1.test.datadriven.CreateJobApiDBDataDrivenTest@68999068]" started-at="2025-11-30T17:22:03 IST" name="createJobApiTest" description="verify correct craetejob api warranty" data-provider="CraeteJobAPIDBDataprovider" finished-at="2025-11-30T17:22:06 IST" duration-ms="3066" status="FAIL">
          <params>
            <param index="0">
              <value>
                <![CDATA[CreateJobPayload[mst_service_location_id=1, mst_platform_id=2, mst_warrenty_status_id=1, mst_oem_id=1, customer=Customer[first_name=Raja, last_name=sekar, mobile_number=9025398090, mobile_number_alt=, email_id=raja@gmail.com, email_id_alt=], customer_address=Customer_address[flat_number=010, apartment_name=Vrindavan, street_name=quarter, landmark=Chennai, area=AAA, pincode=560102, country=India, state=TamilNadu], customer_product=Customer_product[dop=2025-11-18, serial_number=66522799607935, imei1=66522799607935, imei2=66522799607935, popurl=2025-11-18T13:04:05.147707612Z, product_id=1, mst_model_id=1], problems=[Problems[id=2, remark=Phone is getting switch off]]]]]>
              </value>
            </param>
          </params>
          <exception class="java.lang.AssertionError">
            <message>
              <![CDATA[1 expectation failed.
Expected status code <200> but was <500>.
]]>
            </message>
            <full-stacktrace>
              <![CDATA[java.lang.AssertionError: 1 expectation failed.
Expected status code <200> but was <500>.

at java.base/jdk.internal.reflect.DirectConstructorHandleAccessor.newInstance(DirectConstructorHandleAccessor.java:62)
at java.base/java.lang.reflect.Constructor.newInstanceWithCaller(Constructor.java:502)
at java.base/java.lang.reflect.Constructor.newInstance(Constructor.java:486)
at org.codehaus.groovy.reflection.CachedConstructor.invoke(CachedConstructor.java:73)
at org.codehaus.groovy.runtime.callsite.ConstructorSite$ConstructorSiteNoUnwrapNoCoerce.callConstructor(ConstructorSite.java:108)
at org.codehaus.groovy.runtime.callsite.CallSiteArray.defaultCallConstructor(CallSiteArray.java:57)
at org.codehaus.groovy.runtime.callsite.AbstractCallSite.callConstructor(AbstractCallSite.java:263)
at org.codehaus.groovy.runtime.callsite.AbstractCallSite.callConstructor(AbstractCallSite.java:277)
at io.restassured.internal.ResponseSpecificationImpl$HamcrestAssertionClosure.validate(ResponseSpecificationImpl.groovy:512)
at io.restassured.internal.ResponseSpecificationImpl$HamcrestAssertionClosure$validate$7.call(Unknown Source)
at io.restassured.internal.ResponseSpecificationImpl.validate(ResponseSpecificationImpl.groovy:101)
at io.restassured.internal.ValidatableResponseOptionsImpl.spec(ValidatableResponseOptionsImpl.java:288)
at com.api1.test.datadriven.CreateJobApiDBDataDrivenTest.createJobApiTest(CreateJobApiDBDataDrivenTest.java:61)
at java.base/jdk.internal.reflect.DirectMethodHandleAccessor.invoke(DirectMethodHandleAccessor.java:103)
at java.base/java.lang.reflect.Method.invoke(Method.java:580)
at org.testng.internal.MethodInvocationHelper.invokeMethod(MethodInvocationHelper.java:133)
at org.testng.internal.TestInvoker.invokeMethod(TestInvoker.java:598)
at org.testng.internal.TestInvoker.invokeTestMethod(TestInvoker.java:173)
at org.testng.internal.TestMethodWithDataProviderMethodWorker.call(TestMethodWithDataProviderMethodWorker.java:77)
at org.testng.internal.TestMethodWithDataProviderMethodWorker.call(TestMethodWithDataProviderMethodWorker.java:15)
at java.base/java.util.concurrent.FutureTask.run(FutureTask.java:317)
at java.base/java.util.concurrent.Executors$RunnableAdapter.call(Executors.java:572)
at java.base/java.util.concurrent.FutureTask.run(FutureTask.java:317)
at java.base/java.util.concurrent.ThreadPoolExecutor.runWorker(ThreadPoolExecutor.java:1144)
at java.base/java.util.concurrent.ThreadPoolExecutor$Worker.run(ThreadPoolExecutor.java:642)
at java.base/java.lang.Thread.run(Thread.java:1583)
]]>
            </full-stacktrace>
          </exception> <!-- java.lang.AssertionError -->
          <reporter-output>
          </reporter-output>
        </test-method> <!-- createJobApiTest -->
        <test-method signature="createJobApiTest(com.pojo.CreateJobPayload)[pri:0, instance:com.api1.test.datadriven.CreateJobApiDBDataDrivenTest@68999068]" started-at="2025-11-30T17:22:03 IST" name="createJobApiTest" description="verify correct craetejob api warranty" data-provider="CraeteJobAPIDBDataprovider" finished-at="2025-11-30T17:22:06 IST" duration-ms="3395" status="FAIL">
          <params>
            <param index="0">
              <value>
                <![CDATA[CreateJobPayload[mst_service_location_id=1, mst_platform_id=2, mst_warrenty_status_id=1, mst_oem_id=1, customer=Customer[first_name=adsfadsfadfsdf, last_name=asdfasdfsadf, mobile_number=7896496695, mobile_number_alt=, email_id=asdfasdfsdf@gmail.com, email_id_alt=], customer_address=Customer_address[flat_number=fasdfsdf, apartment_name=asdfsdfasdf, street_name=asdfsdfsdf, landmark=dsfasdfsadf, area=adsfsdfsdf, pincode=518501, country=India, state=Andhra Pradesh], customer_product=Customer_product[dop=2025-11-01, serial_number=29349234928349238, imei1=29349234928349238, imei2=29349234928349238, popurl=2025-11-01T18:30:00.000Z, product_id=1, mst_model_id=1], problems=[Problems[id=2, remark=battery is getting down in an hour]]]]]>
              </value>
            </param>
          </params>
          <exception class="java.lang.AssertionError">
            <message>
              <![CDATA[1 expectation failed.
Expected status code <200> but was <500>.
]]>
            </message>
            <full-stacktrace>
              <![CDATA[java.lang.AssertionError: 1 expectation failed.
Expected status code <200> but was <500>.

at java.base/jdk.internal.reflect.DirectConstructorHandleAccessor.newInstance(DirectConstructorHandleAccessor.java:62)
at java.base/java.lang.reflect.Constructor.newInstanceWithCaller(Constructor.java:502)
at java.base/java.lang.reflect.Constructor.newInstance(Constructor.java:486)
at org.codehaus.groovy.reflection.CachedConstructor.invoke(CachedConstructor.java:73)
at org.codehaus.groovy.runtime.callsite.ConstructorSite$ConstructorSiteNoUnwrapNoCoerce.callConstructor(ConstructorSite.java:108)
at org.codehaus.groovy.runtime.callsite.AbstractCallSite.callConstructor(AbstractCallSite.java:277)
at io.restassured.internal.ResponseSpecificationImpl$HamcrestAssertionClosure.validate(ResponseSpecificationImpl.groovy:512)
at io.restassured.internal.ResponseSpecificationImpl$HamcrestAssertionClosure$validate$7.call(Unknown Source)
at io.restassured.internal.ResponseSpecificationImpl.validate(ResponseSpecificationImpl.groovy:101)
at io.restassured.internal.ValidatableResponseOptionsImpl.spec(ValidatableResponseOptionsImpl.java:288)
at com.api1.test.datadriven.CreateJobApiDBDataDrivenTest.createJobApiTest(CreateJobApiDBDataDrivenTest.java:61)
at java.base/jdk.internal.reflect.DirectMethodHandleAccessor.invoke(DirectMethodHandleAccessor.java:103)
at java.base/java.lang.reflect.Method.invoke(Method.java:580)
at org.testng.internal.MethodInvocationHelper.invokeMethod(MethodInvocationHelper.java:133)
at org.testng.internal.TestInvoker.invokeMethod(TestInvoker.java:598)
at org.testng.internal.TestInvoker.invokeTestMethod(TestInvoker.java:173)
at org.testng.internal.TestMethodWithDataProviderMethodWorker.call(TestMethodWithDataProviderMethodWorker.java:77)
at org.testng.internal.TestMethodWithDataProviderMethodWorker.call(TestMethodWithDataProviderMethodWorker.java:15)
at java.base/java.util.concurrent.FutureTask.run(FutureTask.java:317)
at java.base/java.util.concurrent.Executors$RunnableAdapter.call(Executors.java:572)
at java.base/java.util.concurrent.FutureTask.run(FutureTask.java:317)
at java.base/java.util.concurrent.ThreadPoolExecutor.runWorker(ThreadPoolExecutor.java:1144)
at java.base/java.util.concurrent.ThreadPoolExecutor$Worker.run(ThreadPoolExecutor.java:642)
at java.base/java.lang.Thread.run(Thread.java:1583)
]]>
            </full-stacktrace>
          </exception> <!-- java.lang.AssertionError -->
          <reporter-output>
          </reporter-output>
        </test-method> <!-- createJobApiTest -->
        <test-method signature="createJobApiTest(com.pojo.CreateJobPayload)[pri:0, instance:com.api1.test.datadriven.CreateJobApiDBDataDrivenTest@68999068]" started-at="2025-11-30T17:22:03 IST" name="createJobApiTest" description="verify correct craetejob api warranty" data-provider="CraeteJobAPIDBDataprovider" finished-at="2025-11-30T17:22:06 IST" duration-ms="3064" status="FAIL">
          <params>
            <param index="0">
              <value>
                <![CDATA[CreateJobPayload[mst_service_location_id=1, mst_platform_id=2, mst_warrenty_status_id=1, mst_oem_id=1, customer=Customer[first_name=Jefferey, last_name=Jakubowski, mobile_number=266-628-1236, mobile_number_alt=, email_id=Rosella.Marquardt@yahoo.com, email_id_alt=], customer_address=Customer_address[flat_number=C-101, apartment_name=test, street_name=1 Whitethorn Square, landmark=land, area=Rohini, pincode=110089, country=India, state=Delhi], customer_product=Customer_product[dop=2025-11-03, serial_number=11616259934914, imei1=11616259934914, imei2=11616259934914, popurl=2025-11-03T00:00:00.000Z, product_id=1, mst_model_id=1], problems=[Problems[id=1, remark=Battery Issue]]]]]>
              </value>
            </param>
          </params>
          <exception class="java.lang.AssertionError">
            <message>
              <![CDATA[1 expectation failed.
Expected status code <200> but was <500>.
]]>
            </message>
            <full-stacktrace>
              <![CDATA[java.lang.AssertionError: 1 expectation failed.
Expected status code <200> but was <500>.

at java.base/jdk.internal.reflect.DirectConstructorHandleAccessor.newInstance(DirectConstructorHandleAccessor.java:62)
at java.base/java.lang.reflect.Constructor.newInstanceWithCaller(Constructor.java:502)
at java.base/java.lang.reflect.Constructor.newInstance(Constructor.java:486)
at org.codehaus.groovy.reflection.CachedConstructor.invoke(CachedConstructor.java:73)
at org.codehaus.groovy.runtime.callsite.ConstructorSite$ConstructorSiteNoUnwrapNoCoerce.callConstructor(ConstructorSite.java:108)
at org.codehaus.groovy.runtime.callsite.CallSiteArray.defaultCallConstructor(CallSiteArray.java:57)
at org.codehaus.groovy.runtime.callsite.AbstractCallSite.callConstructor(AbstractCallSite.java:263)
at org.codehaus.groovy.runtime.callsite.AbstractCallSite.callConstructor(AbstractCallSite.java:277)
at io.restassured.internal.ResponseSpecificationImpl$HamcrestAssertionClosure.validate(ResponseSpecificationImpl.groovy:512)
at io.restassured.internal.ResponseSpecificationImpl$HamcrestAssertionClosure$validate$7.call(Unknown Source)
at org.codehaus.groovy.runtime.callsite.CallSiteArray.defaultCall(CallSiteArray.java:45)
at org.codehaus.groovy.runtime.callsite.AbstractCallSite.call(AbstractCallSite.java:125)
at org.codehaus.groovy.runtime.callsite.AbstractCallSite.call(AbstractCallSite.java:139)
at io.restassured.internal.ResponseSpecificationImpl.validate(ResponseSpecificationImpl.groovy:101)
at io.restassured.internal.ValidatableResponseOptionsImpl.spec(ValidatableResponseOptionsImpl.java:288)
at com.api1.test.datadriven.CreateJobApiDBDataDrivenTest.createJobApiTest(CreateJobApiDBDataDrivenTest.java:61)
at java.base/jdk.internal.reflect.DirectMethodHandleAccessor.invoke(DirectMethodHandleAccessor.java:103)
at java.base/java.lang.reflect.Method.invoke(Method.java:580)
at org.testng.internal.MethodInvocationHelper.invokeMethod(MethodInvocationHelper.java:133)
at org.testng.internal.TestInvoker.invokeMethod(TestInvoker.java:598)
at org.testng.internal.TestInvoker.invokeTestMethod(TestInvoker.java:173)
at org.testng.internal.TestMethodWithDataProviderMethodWorker.call(TestMethodWithDataProviderMethodWorker.java:77)
at org.testng.internal.TestMethodWithDataProviderMethodWorker.call(TestMethodWithDataProviderMethodWorker.java:15)
at java.base/java.util.concurrent.FutureTask.run(FutureTask.java:317)
at java.base/java.util.concurrent.Executors$RunnableAdapter.call(Executors.java:572)
at java.base/java.util.concurrent.FutureTask.run(FutureTask.java:317)
at java.base/java.util.concurrent.ThreadPoolExecutor.runWorker(ThreadPoolExecutor.java:1144)
at java.base/java.util.concurrent.ThreadPoolExecutor$Worker.run(ThreadPoolExecutor.java:642)
at java.base/java.lang.Thread.run(Thread.java:1583)
]]>
            </full-stacktrace>
          </exception> <!-- java.lang.AssertionError -->
          <reporter-output>
          </reporter-output>
        </test-method> <!-- createJobApiTest -->
      </class> <!-- com.api1.test.datadriven.CreateJobApiDBDataDrivenTest -->
    </test> <!-- Default test -->
  </suite> <!-- Default suite -->
</testng-results>
