<?xml version="1.0" encoding="UTF-8"?>
<testng-results ignored="0" total="1" passed="1" failed="0" skipped="0">
  <reporter-output>
  </reporter-output>
  <suite started-at="2025-10-28T22:45:21 IST" name="Default suite" finished-at="2025-10-28T22:45:23 IST" duration-ms="2795">
    <groups>
    </groups>
    <test started-at="2025-10-28T22:45:21 IST" name="Default test" finished-at="2025-10-28T22:45:23 IST" duration-ms="2795">
      <class name="com.api1.test.LoginApiTest">
        <test-method signature="Test()[pri:0, instance:com.api1.test.LoginApiTest@41e36e46]" started-at="2025-10-28T22:45:21 IST" name="Test" finished-at="2025-10-28T22:45:23 IST" duration-ms="2757" status="PASS">
          <reporter-output>
          </reporter-output>
        </test-method> <!-- Test -->
      </class> <!-- com.api1.test.LoginApiTest -->
    </test> <!-- Default test -->
  </suite> <!-- Default suite -->
</testng-results>
