<?xml version="1.0" encoding="UTF-8"?>
<testng-results ignored="0" total="2" passed="2" failed="0" skipped="0">
  <reporter-output>
  </reporter-output>
  <suite started-at="2025-11-24T00:34:00 IST" name="Default suite" finished-at="2025-11-24T00:34:04 IST" duration-ms="3745">
    <groups>
      <group name="regression">
        <method signature="CreateJobApiExcelDataDrivenTest.createJobApiTest(com.pojo.CreateJobPayload)[pri:0, instance:com.api1.test.datadriven.CreateJobApiExcelDataDrivenTest@130161f7]" name="createJobApiTest" class="com.api1.test.datadriven.CreateJobApiExcelDataDrivenTest"/>
      </group> <!-- regression -->
      <group name="uat">
        <method signature="CreateJobApiExcelDataDrivenTest.createJobApiTest(com.pojo.CreateJobPayload)[pri:0, instance:com.api1.test.datadriven.CreateJobApiExcelDataDrivenTest@130161f7]" name="createJobApiTest" class="com.api1.test.datadriven.CreateJobApiExcelDataDrivenTest"/>
      </group> <!-- uat -->
      <group name="data driven">
        <method signature="CreateJobApiExcelDataDrivenTest.createJobApiTest(com.pojo.CreateJobPayload)[pri:0, instance:com.api1.test.datadriven.CreateJobApiExcelDataDrivenTest@130161f7]" name="createJobApiTest" class="com.api1.test.datadriven.CreateJobApiExcelDataDrivenTest"/>
      </group> <!-- data driven -->
      <group name="api">
        <method signature="CreateJobApiExcelDataDrivenTest.createJobApiTest(com.pojo.CreateJobPayload)[pri:0, instance:com.api1.test.datadriven.CreateJobApiExcelDataDrivenTest@130161f7]" name="createJobApiTest" class="com.api1.test.datadriven.CreateJobApiExcelDataDrivenTest"/>
      </group> <!-- api -->
    </groups>
    <test started-at="2025-11-24T00:34:00 IST" name="Default test" finished-at="2025-11-24T00:34:04 IST" duration-ms="3745">
      <class name="com.api1.test.datadriven.CreateJobApiExcelDataDrivenTest">
        <test-method signature="createJobApiTest(com.pojo.CreateJobPayload)[pri:0, instance:com.api1.test.datadriven.CreateJobApiExcelDataDrivenTest@130161f7]" started-at="2025-11-24T00:34:00 IST" name="createJobApiTest" description="verify correct craetejob api warranty" data-provider="CraeteJobAPIExcelDataprovider" finished-at="2025-11-24T00:34:04 IST" duration-ms="3070" status="PASS">
          <params>
            <param index="0">
              <value>
                <![CDATA[CreateJobPayload[mst_service_location_id=0, mst_platform_id=2, mst_warrenty_status_id=1, mst_oem_id=2, customer=Customer[first_name=sanket, last_name=mane, mobile_number=8765432121, mobile_number_alt=, email_id=sanket393@gmail.com, email_id_alt=], customer_address=Customer_address[flat_number=402, apartment_name=shiv, street_name=mandir road      , landmark=jain school, area=laxmi nagar, pincode=421102, country=India, state=Maharashtra], customer_product=Customer_product[dop=2025-08-31T18:30:00.000Z, serial_number=99626700000007, imei1=99626700000007, imei2=99626700000007, popurl=2025-08-31T18:30:00.000Z, product_id=3, mst_model_id=3], problems=[Problems[id=2, remark=battery]]]]]>
              </value>
            </param>
          </params>
          <reporter-output>
          </reporter-output>
        </test-method> <!-- createJobApiTest -->
        <test-method signature="createJobApiTest(com.pojo.CreateJobPayload)[pri:0, instance:com.api1.test.datadriven.CreateJobApiExcelDataDrivenTest@130161f7]" started-at="2025-11-24T00:34:00 IST" name="createJobApiTest" description="verify correct craetejob api warranty" data-provider="CraeteJobAPIExcelDataprovider" finished-at="2025-11-24T00:34:04 IST" duration-ms="3070" status="PASS">
          <params>
            <param index="0">
              <value>
                <![CDATA[CreateJobPayload[mst_service_location_id=0, mst_platform_id=2, mst_warrenty_status_id=1, mst_oem_id=2, customer=Customer[first_name=udya, last_name=mane, mobile_number=8765432121, mobile_number_alt=, email_id=sanket393@gmail.com, email_id_alt=], customer_address=Customer_address[flat_number=402, apartment_name=shiv, street_name=mandir road      , landmark=jain school, area=laxmi nagar, pincode=421102, country=India, state=Maharashtra], customer_product=Customer_product[dop=2025-08-31T18:30:00.000Z, serial_number=99616700000001, imei1=99616700000001, imei2=99616700000001, popurl=2025-08-31T18:30:00.000Z, product_id=3, mst_model_id=3], problems=[Problems[id=2, remark=battery]]]]]>
              </value>
            </param>
          </params>
          <reporter-output>
          </reporter-output>
        </test-method> <!-- createJobApiTest -->
      </class> <!-- com.api1.test.datadriven.CreateJobApiExcelDataDrivenTest -->
    </test> <!-- Default test -->
  </suite> <!-- Default suite -->
</testng-results>
