<?xml version="1.0" encoding="UTF-8"?>
<!-- Generated by org.testng.reporters.JUnitReportReporter -->
<testsuite hostname="Shinde" failures="0" tests="2" name="com.api1.test.datadriven.CreateJobApiExcelDataDrivenTest" time="6.140" errors="0" timestamp="2025-11-24T00:34:04 IST" skipped="0">
  <testcase classname="com.api1.test.datadriven.CreateJobApiExcelDataDrivenTest" name="createJobApiTest" time="3.070"/>
  <system-out/>
  <testcase classname="com.api1.test.datadriven.CreateJobApiExcelDataDrivenTest" name="createJobApiTest" time="3.070"/>
  <system-out/>
</testsuite> <!-- com.api1.test.datadriven.CreateJobApiExcelDataDrivenTest -->
