<?xml version="1.0" encoding="UTF-8"?>
<!-- Generated by org.testng.reporters.JUnitReportReporter -->
<testsuite hostname="Shinde" failures="0" tests="10" name="com.api1.test.datadriven.CreateJobApFakeiDataDrivenTest" time="42.558" errors="0" timestamp="2025-11-24T00:53:53 IST" skipped="0">
  <testcase classname="com.api1.test.datadriven.CreateJobApFakeiDataDrivenTest" name="createJobApiTest" time="4.253"/>
  <system-out/>
  <testcase classname="com.api1.test.datadriven.CreateJobApFakeiDataDrivenTest" name="createJobApiTest" time="4.254"/>
  <system-out/>
  <testcase classname="com.api1.test.datadriven.CreateJobApFakeiDataDrivenTest" name="createJobApiTest" time="4.255"/>
  <system-out/>
  <testcase classname="com.api1.test.datadriven.CreateJobApFakeiDataDrivenTest" name="createJobApiTest" time="4.254"/>
  <system-out/>
  <testcase classname="com.api1.test.datadriven.CreateJobApFakeiDataDrivenTest" name="createJobApiTest" time="4.258"/>
  <system-out/>
  <testcase classname="com.api1.test.datadriven.CreateJobApFakeiDataDrivenTest" name="createJobApiTest" time="4.256"/>
  <system-out/>
  <testcase classname="com.api1.test.datadriven.CreateJobApFakeiDataDrivenTest" name="createJobApiTest" time="4.257"/>
  <system-out/>
  <testcase classname="com.api1.test.datadriven.CreateJobApFakeiDataDrivenTest" name="createJobApiTest" time="4.259"/>
  <system-out/>
  <testcase classname="com.api1.test.datadriven.CreateJobApFakeiDataDrivenTest" name="createJobApiTest" time="4.256"/>
  <system-out/>
  <testcase classname="com.api1.test.datadriven.CreateJobApFakeiDataDrivenTest" name="createJobApiTest" time="4.256"/>
  <system-out/>
</testsuite> <!-- com.api1.test.datadriven.CreateJobApFakeiDataDrivenTest -->
