<?xml version="1.0" encoding="UTF-8"?>
<!-- Generated by org.testng.reporters.JUnitReportReporter -->
<testsuite hostname="Shinde" failures="0" tests="10" name="com.api1.test.datadriven.CreateJobApFakeiDataDrivenTest" time="39.155" errors="0" timestamp="2025-11-21T23:56:00 IST" skipped="0">
  <testcase classname="com.api1.test.datadriven.CreateJobApFakeiDataDrivenTest" name="createJobApiTest" time="3.862"/>
  <system-out/>
  <testcase classname="com.api1.test.datadriven.CreateJobApFakeiDataDrivenTest" name="createJobApiTest" time="3.961"/>
  <system-out/>
  <testcase classname="com.api1.test.datadriven.CreateJobApFakeiDataDrivenTest" name="createJobApiTest" time="3.963"/>
  <system-out/>
  <testcase classname="com.api1.test.datadriven.CreateJobApFakeiDataDrivenTest" name="createJobApiTest" time="3.968"/>
  <system-out/>
  <testcase classname="com.api1.test.datadriven.CreateJobApFakeiDataDrivenTest" name="createJobApiTest" time="3.778"/>
  <system-out/>
  <testcase classname="com.api1.test.datadriven.CreateJobApFakeiDataDrivenTest" name="createJobApiTest" time="3.977"/>
  <system-out/>
  <testcase classname="com.api1.test.datadriven.CreateJobApFakeiDataDrivenTest" name="createJobApiTest" time="3.931"/>
  <system-out/>
  <testcase classname="com.api1.test.datadriven.CreateJobApFakeiDataDrivenTest" name="createJobApiTest" time="4.001"/>
  <system-out/>
  <testcase classname="com.api1.test.datadriven.CreateJobApFakeiDataDrivenTest" name="createJobApiTest" time="3.935"/>
  <system-out/>
  <testcase classname="com.api1.test.datadriven.CreateJobApFakeiDataDrivenTest" name="createJobApiTest" time="3.779"/>
  <system-out/>
</testsuite> <!-- com.api1.test.datadriven.CreateJobApFakeiDataDrivenTest -->
